Arguments: 
  C:\Program Files\nodejs\node.exe C:\Program Files (x86)\Yarn\bin\yarn.js

PATH: 
  C:\Program Files\Microsoft\jdk-17.0.12.7-hotspot\bin;C:\WINDOWS\system32;C:\WINDOWS;C:\WINDOWS\System32\Wbem;C:\WINDOWS\System32\WindowsPowerShell\v1.0\;C:\WINDOWS\System32\OpenSSH\;C:\Program Files\dotnet\;C:\Program Files (x86)\Yarn\bin\;C:\Users\Arafat\AppData\Roaming\nvm;C:\Program Files\nodejs;C:\Program Files\Git\cmd;C:\Program Files\PostgreSQL\17\bin;C:\Program Files\nodejs\;C:\ProgramData\chocolatey\bin;C:\Users\Arafat\AppData\Local\Android\Sdk\platform-tools;C:\Users\Arafat\AppData\Local\pnpm;C:\Users\Arafat\.console-ninja\.bin;C:\Users\Arafat\AppData\Local\Microsoft\WindowsApps;C:\Users\Arafat\AppData\Local\Programs\Microsoft VS Code\bin;C:\Users\Arafat\AppData\Local\Yarn\bin;C:\Program Files\Azure Data Studio\bin;C:\Users\Arafat\AppData\Roaming\nvm;C:\Program Files\nodejs;C:\Users\Arafat\AppData\Local\Programs\mongosh\;C:\Program Files\MongoDB\Server\7.0\bin;C:\Users\Arafat\AppData\Local\Programs\oh-my-posh\bin;C:\Users\Arafat\AppData\Local\Microsoft\WindowsApps;C:\Users\Arafat\AppData\Roaming\npm;C:\Users\Arafat\AppData\Local\Android\Sdk\platform-tools;

Yarn version: 
  1.23.0-20200615.1913

Node version: 
  21.7.3

Platform: 
  win32 x64

Trace: 
  SyntaxError: D:\Next Level Courses\Next Level Web Development\MISSION 7\Health Care Server\package.json: Unexpected token '<', "<<<<<<< HE"... is not valid JSON
      at JSON.parse (<anonymous>)
      at C:\Program Files (x86)\Yarn\lib\cli.js:1625:59
      at Generator.next (<anonymous>)
      at step (C:\Program Files (x86)\Yarn\lib\cli.js:310:30)
      at C:\Program Files (x86)\Yarn\lib\cli.js:321:13

npm manifest: 
  <<<<<<< HEAD
  {
    "name": "health-care-server",
    "version": "1.0.0",
    "main": "index.js",
    "license": "MIT",
    "scripts": {
      "dev": "ts-node-dev --respawn --transpile-only src/server.ts",
      "seed": "ts-node-dev --respawn --transpile-only prisma/seed.ts"
  =======
  -- Active: 1729394780664@@127.0.0.1@5432@heathcare_db
  {
    "name": "heath-care-server",
    "version": "1.0.0",
    "main": "index.js",
    "scripts": {
      "dev": "ts-node-dev --respawn --transpile-only src/server.ts",
      "seed": "ts-node-dev --respawn --transpile-only prisma/seed.ts",
      "migrate": "npx prisma migrate dev",
      "studio": "npx prisma studio",
      "validate": "npx prisma validate"
  >>>>>>> e220c8e (Initial commit)
    },
    "devDependencies": {
      "@types/bcrypt": "^5.0.2",
      "@types/cors": "^2.8.17",
      "@types/express": "^4.17.21",
      "@types/jsonwebtoken": "^9.0.6",
      "@types/luxon": "^3.4.2",
      "@types/multer": "^1.4.11",
      "@types/node": "^20.11.26",
      "@types/node-cron": "^3.0.11",
      "@types/nodemailer": "^6.4.14",
      "@types/uuid": "^9.0.8",
      "prisma": "^5.11.0",
      "ts-node": "^10.9.2",
      "ts-node-dev": "^2.0.0",
      "typescript": "^5.4.2"
    },
    "dependencies": {
      "@prisma/client": "5.11.0",
      "@types/cookie-parser": "^1.4.7",
      "axios": "^1.6.8",
      "bcrypt": "^5.1.1",
      "cloudinary": "^2.0.3",
      "cookie-parser": "^1.4.6",
      "cors": "^2.8.5",
      "date-fns": "^3.6.0",
      "dotenv": "^16.4.5",
      "express": "^4.18.3",
      "http-status": "^1.7.4",
      "jsonwebtoken": "^9.0.2",
      "luxon": "^3.4.4",
      "multer": "^1.4.5-lts.1",
      "node-cron": "^3.0.3",
      "nodemailer": "^6.9.12",
      "sslcommerz-lts": "^1.1.0",
      "uuid": "^9.0.1",
      "zod": "^3.22.4"
    }
  }

yarn manifest: 
  No manifest

Lockfile: 
  No lockfile
